<?xml version="1.0" encoding="UTF-8"?>
<!-- Generated by org.testng.reporters.JUnitXMLReporter -->
<testsuite hostname="DESKTOP-4FCALNC" ignored="1" name="Default test" tests="1" failures="0" timestamp="2022-03-23T21:33:40 ICT" time="125.803" errors="0">
  <testcase name="RunnerTest2" time="32.085" classname="runTest.RunnerPaperlust"/>
  <testcase name="RunnerTest1" time="0.0" classname="runTest.RunnerPaperlust">
    <ignored/>
  </testcase> <!-- RunnerTest1 -->
</testsuite> <!-- Default test -->
